0 info it worked if it ends with ok
1 verbose cli [ 'node',
1 verbose cli   '/usr/local/bin/npm',
1 verbose cli   'install',
1 verbose cli   '/Applications',
1 verbose cli   '/Library',
1 verbose cli   '/Network',
1 verbose cli   '/System',
1 verbose cli   '/Users',
1 verbose cli   '/Volumes',
1 verbose cli   '/auto',
1 verbose cli   '/bin',
1 verbose cli   '/cores',
1 verbose cli   '/dev',
1 verbose cli   '/etc',
1 verbose cli   '/home',
1 verbose cli   '/mach_kernel',
1 verbose cli   '/net',
1 verbose cli   '/private',
1 verbose cli   '/sbin',
1 verbose cli   '/tmp',
1 verbose cli   '/usr',
1 verbose cli   '/var',
1 verbose cli   'global',
1 verbose cli   'angular',
1 verbose cli   'app/',
1 verbose cli   'bower_components/',
1 verbose cli   'dist/',
1 verbose cli   'node_modules/',
1 verbose cli   'test/' ]
2 info using npm@1.4.28
3 info using node@v0.10.33
4 warn package.json newang@0.0.0 No description
5 warn package.json newang@0.0.0 No repository field.
6 warn package.json newang@0.0.0 No README data
7 verbose readDependencies using package.json deps
8 verbose cache add [ '/Applications', null ]
9 verbose cache add name=undefined spec="/Applications" args=["/Applications",null]
10 verbose parsed url { protocol: null,
10 verbose parsed url   slashes: null,
10 verbose parsed url   auth: null,
10 verbose parsed url   host: null,
10 verbose parsed url   port: null,
10 verbose parsed url   hostname: null,
10 verbose parsed url   hash: null,
10 verbose parsed url   search: null,
10 verbose parsed url   query: null,
10 verbose parsed url   pathname: '/Applications',
10 verbose parsed url   path: '/Applications',
10 verbose parsed url   href: '/Applications' }
11 verbose cache add [ '/Library', null ]
12 verbose cache add name=undefined spec="/Library" args=["/Library",null]
13 verbose parsed url { protocol: null,
13 verbose parsed url   slashes: null,
13 verbose parsed url   auth: null,
13 verbose parsed url   host: null,
13 verbose parsed url   port: null,
13 verbose parsed url   hostname: null,
13 verbose parsed url   hash: null,
13 verbose parsed url   search: null,
13 verbose parsed url   query: null,
13 verbose parsed url   pathname: '/Library',
13 verbose parsed url   path: '/Library',
13 verbose parsed url   href: '/Library' }
14 verbose cache add [ '/Network', null ]
15 verbose cache add name=undefined spec="/Network" args=["/Network",null]
16 verbose parsed url { protocol: null,
16 verbose parsed url   slashes: null,
16 verbose parsed url   auth: null,
16 verbose parsed url   host: null,
16 verbose parsed url   port: null,
16 verbose parsed url   hostname: null,
16 verbose parsed url   hash: null,
16 verbose parsed url   search: null,
16 verbose parsed url   query: null,
16 verbose parsed url   pathname: '/Network',
16 verbose parsed url   path: '/Network',
16 verbose parsed url   href: '/Network' }
17 verbose cache add [ '/System', null ]
18 verbose cache add name=undefined spec="/System" args=["/System",null]
19 verbose parsed url { protocol: null,
19 verbose parsed url   slashes: null,
19 verbose parsed url   auth: null,
19 verbose parsed url   host: null,
19 verbose parsed url   port: null,
19 verbose parsed url   hostname: null,
19 verbose parsed url   hash: null,
19 verbose parsed url   search: null,
19 verbose parsed url   query: null,
19 verbose parsed url   pathname: '/System',
19 verbose parsed url   path: '/System',
19 verbose parsed url   href: '/System' }
20 verbose cache add [ '/Users', null ]
21 verbose cache add name=undefined spec="/Users" args=["/Users",null]
22 verbose parsed url { protocol: null,
22 verbose parsed url   slashes: null,
22 verbose parsed url   auth: null,
22 verbose parsed url   host: null,
22 verbose parsed url   port: null,
22 verbose parsed url   hostname: null,
22 verbose parsed url   hash: null,
22 verbose parsed url   search: null,
22 verbose parsed url   query: null,
22 verbose parsed url   pathname: '/Users',
22 verbose parsed url   path: '/Users',
22 verbose parsed url   href: '/Users' }
23 verbose cache add [ '/Volumes', null ]
24 verbose cache add name=undefined spec="/Volumes" args=["/Volumes",null]
25 verbose parsed url { protocol: null,
25 verbose parsed url   slashes: null,
25 verbose parsed url   auth: null,
25 verbose parsed url   host: null,
25 verbose parsed url   port: null,
25 verbose parsed url   hostname: null,
25 verbose parsed url   hash: null,
25 verbose parsed url   search: null,
25 verbose parsed url   query: null,
25 verbose parsed url   pathname: '/Volumes',
25 verbose parsed url   path: '/Volumes',
25 verbose parsed url   href: '/Volumes' }
26 verbose cache add [ '/auto', null ]
27 verbose cache add name=undefined spec="/auto" args=["/auto",null]
28 verbose parsed url { protocol: null,
28 verbose parsed url   slashes: null,
28 verbose parsed url   auth: null,
28 verbose parsed url   host: null,
28 verbose parsed url   port: null,
28 verbose parsed url   hostname: null,
28 verbose parsed url   hash: null,
28 verbose parsed url   search: null,
28 verbose parsed url   query: null,
28 verbose parsed url   pathname: '/auto',
28 verbose parsed url   path: '/auto',
28 verbose parsed url   href: '/auto' }
29 verbose cache add [ '/bin', null ]
30 verbose cache add name=undefined spec="/bin" args=["/bin",null]
31 verbose parsed url { protocol: null,
31 verbose parsed url   slashes: null,
31 verbose parsed url   auth: null,
31 verbose parsed url   host: null,
31 verbose parsed url   port: null,
31 verbose parsed url   hostname: null,
31 verbose parsed url   hash: null,
31 verbose parsed url   search: null,
31 verbose parsed url   query: null,
31 verbose parsed url   pathname: '/bin',
31 verbose parsed url   path: '/bin',
31 verbose parsed url   href: '/bin' }
32 verbose cache add [ '/cores', null ]
33 verbose cache add name=undefined spec="/cores" args=["/cores",null]
34 verbose parsed url { protocol: null,
34 verbose parsed url   slashes: null,
34 verbose parsed url   auth: null,
34 verbose parsed url   host: null,
34 verbose parsed url   port: null,
34 verbose parsed url   hostname: null,
34 verbose parsed url   hash: null,
34 verbose parsed url   search: null,
34 verbose parsed url   query: null,
34 verbose parsed url   pathname: '/cores',
34 verbose parsed url   path: '/cores',
34 verbose parsed url   href: '/cores' }
35 verbose cache add [ '/dev', null ]
36 verbose cache add name=undefined spec="/dev" args=["/dev",null]
37 verbose parsed url { protocol: null,
37 verbose parsed url   slashes: null,
37 verbose parsed url   auth: null,
37 verbose parsed url   host: null,
37 verbose parsed url   port: null,
37 verbose parsed url   hostname: null,
37 verbose parsed url   hash: null,
37 verbose parsed url   search: null,
37 verbose parsed url   query: null,
37 verbose parsed url   pathname: '/dev',
37 verbose parsed url   path: '/dev',
37 verbose parsed url   href: '/dev' }
38 verbose cache add [ '/etc', null ]
39 verbose cache add name=undefined spec="/etc" args=["/etc",null]
40 verbose parsed url { protocol: null,
40 verbose parsed url   slashes: null,
40 verbose parsed url   auth: null,
40 verbose parsed url   host: null,
40 verbose parsed url   port: null,
40 verbose parsed url   hostname: null,
40 verbose parsed url   hash: null,
40 verbose parsed url   search: null,
40 verbose parsed url   query: null,
40 verbose parsed url   pathname: '/etc',
40 verbose parsed url   path: '/etc',
40 verbose parsed url   href: '/etc' }
41 verbose cache add [ '/home', null ]
42 verbose cache add name=undefined spec="/home" args=["/home",null]
43 verbose parsed url { protocol: null,
43 verbose parsed url   slashes: null,
43 verbose parsed url   auth: null,
43 verbose parsed url   host: null,
43 verbose parsed url   port: null,
43 verbose parsed url   hostname: null,
43 verbose parsed url   hash: null,
43 verbose parsed url   search: null,
43 verbose parsed url   query: null,
43 verbose parsed url   pathname: '/home',
43 verbose parsed url   path: '/home',
43 verbose parsed url   href: '/home' }
44 verbose cache add [ '/mach_kernel', null ]
45 verbose cache add name=undefined spec="/mach_kernel" args=["/mach_kernel",null]
46 verbose parsed url { protocol: null,
46 verbose parsed url   slashes: null,
46 verbose parsed url   auth: null,
46 verbose parsed url   host: null,
46 verbose parsed url   port: null,
46 verbose parsed url   hostname: null,
46 verbose parsed url   hash: null,
46 verbose parsed url   search: null,
46 verbose parsed url   query: null,
46 verbose parsed url   pathname: '/mach_kernel',
46 verbose parsed url   path: '/mach_kernel',
46 verbose parsed url   href: '/mach_kernel' }
47 verbose cache add [ '/net', null ]
48 verbose cache add name=undefined spec="/net" args=["/net",null]
49 verbose parsed url { protocol: null,
49 verbose parsed url   slashes: null,
49 verbose parsed url   auth: null,
49 verbose parsed url   host: null,
49 verbose parsed url   port: null,
49 verbose parsed url   hostname: null,
49 verbose parsed url   hash: null,
49 verbose parsed url   search: null,
49 verbose parsed url   query: null,
49 verbose parsed url   pathname: '/net',
49 verbose parsed url   path: '/net',
49 verbose parsed url   href: '/net' }
50 verbose cache add [ '/private', null ]
51 verbose cache add name=undefined spec="/private" args=["/private",null]
52 verbose parsed url { protocol: null,
52 verbose parsed url   slashes: null,
52 verbose parsed url   auth: null,
52 verbose parsed url   host: null,
52 verbose parsed url   port: null,
52 verbose parsed url   hostname: null,
52 verbose parsed url   hash: null,
52 verbose parsed url   search: null,
52 verbose parsed url   query: null,
52 verbose parsed url   pathname: '/private',
52 verbose parsed url   path: '/private',
52 verbose parsed url   href: '/private' }
53 verbose cache add [ '/sbin', null ]
54 verbose cache add name=undefined spec="/sbin" args=["/sbin",null]
55 verbose parsed url { protocol: null,
55 verbose parsed url   slashes: null,
55 verbose parsed url   auth: null,
55 verbose parsed url   host: null,
55 verbose parsed url   port: null,
55 verbose parsed url   hostname: null,
55 verbose parsed url   hash: null,
55 verbose parsed url   search: null,
55 verbose parsed url   query: null,
55 verbose parsed url   pathname: '/sbin',
55 verbose parsed url   path: '/sbin',
55 verbose parsed url   href: '/sbin' }
56 verbose cache add [ '/tmp', null ]
57 verbose cache add name=undefined spec="/tmp" args=["/tmp",null]
58 verbose parsed url { protocol: null,
58 verbose parsed url   slashes: null,
58 verbose parsed url   auth: null,
58 verbose parsed url   host: null,
58 verbose parsed url   port: null,
58 verbose parsed url   hostname: null,
58 verbose parsed url   hash: null,
58 verbose parsed url   search: null,
58 verbose parsed url   query: null,
58 verbose parsed url   pathname: '/tmp',
58 verbose parsed url   path: '/tmp',
58 verbose parsed url   href: '/tmp' }
59 verbose cache add [ '/usr', null ]
60 verbose cache add name=undefined spec="/usr" args=["/usr",null]
61 verbose parsed url { protocol: null,
61 verbose parsed url   slashes: null,
61 verbose parsed url   auth: null,
61 verbose parsed url   host: null,
61 verbose parsed url   port: null,
61 verbose parsed url   hostname: null,
61 verbose parsed url   hash: null,
61 verbose parsed url   search: null,
61 verbose parsed url   query: null,
61 verbose parsed url   pathname: '/usr',
61 verbose parsed url   path: '/usr',
61 verbose parsed url   href: '/usr' }
62 verbose cache add [ '/var', null ]
63 verbose cache add name=undefined spec="/var" args=["/var",null]
64 verbose parsed url { protocol: null,
64 verbose parsed url   slashes: null,
64 verbose parsed url   auth: null,
64 verbose parsed url   host: null,
64 verbose parsed url   port: null,
64 verbose parsed url   hostname: null,
64 verbose parsed url   hash: null,
64 verbose parsed url   search: null,
64 verbose parsed url   query: null,
64 verbose parsed url   pathname: '/var',
64 verbose parsed url   path: '/var',
64 verbose parsed url   href: '/var' }
65 verbose cache add [ 'global', null ]
66 verbose cache add name=undefined spec="global" args=["global",null]
67 verbose parsed url { protocol: null,
67 verbose parsed url   slashes: null,
67 verbose parsed url   auth: null,
67 verbose parsed url   host: null,
67 verbose parsed url   port: null,
67 verbose parsed url   hostname: null,
67 verbose parsed url   hash: null,
67 verbose parsed url   search: null,
67 verbose parsed url   query: null,
67 verbose parsed url   pathname: 'global',
67 verbose parsed url   path: 'global',
67 verbose parsed url   href: 'global' }
68 verbose cache add [ 'angular', null ]
69 verbose cache add name=undefined spec="angular" args=["angular",null]
70 verbose parsed url { protocol: null,
70 verbose parsed url   slashes: null,
70 verbose parsed url   auth: null,
70 verbose parsed url   host: null,
70 verbose parsed url   port: null,
70 verbose parsed url   hostname: null,
70 verbose parsed url   hash: null,
70 verbose parsed url   search: null,
70 verbose parsed url   query: null,
70 verbose parsed url   pathname: 'angular',
70 verbose parsed url   path: 'angular',
70 verbose parsed url   href: 'angular' }
71 verbose cache add [ 'app/', null ]
72 verbose cache add name=undefined spec="app/" args=["app/",null]
73 verbose parsed url { protocol: null,
73 verbose parsed url   slashes: null,
73 verbose parsed url   auth: null,
73 verbose parsed url   host: null,
73 verbose parsed url   port: null,
73 verbose parsed url   hostname: null,
73 verbose parsed url   hash: null,
73 verbose parsed url   search: null,
73 verbose parsed url   query: null,
73 verbose parsed url   pathname: 'app/',
73 verbose parsed url   path: 'app/',
73 verbose parsed url   href: 'app/' }
74 verbose cache add [ 'bower_components/', null ]
75 verbose cache add name=undefined spec="bower_components/" args=["bower_components/",null]
76 verbose parsed url { protocol: null,
76 verbose parsed url   slashes: null,
76 verbose parsed url   auth: null,
76 verbose parsed url   host: null,
76 verbose parsed url   port: null,
76 verbose parsed url   hostname: null,
76 verbose parsed url   hash: null,
76 verbose parsed url   search: null,
76 verbose parsed url   query: null,
76 verbose parsed url   pathname: 'bower_components/',
76 verbose parsed url   path: 'bower_components/',
76 verbose parsed url   href: 'bower_components/' }
77 verbose cache add [ 'dist/', null ]
78 verbose cache add name=undefined spec="dist/" args=["dist/",null]
79 verbose parsed url { protocol: null,
79 verbose parsed url   slashes: null,
79 verbose parsed url   auth: null,
79 verbose parsed url   host: null,
79 verbose parsed url   port: null,
79 verbose parsed url   hostname: null,
79 verbose parsed url   hash: null,
79 verbose parsed url   search: null,
79 verbose parsed url   query: null,
79 verbose parsed url   pathname: 'dist/',
79 verbose parsed url   path: 'dist/',
79 verbose parsed url   href: 'dist/' }
80 verbose cache add [ 'node_modules/', null ]
81 verbose cache add name=undefined spec="node_modules/" args=["node_modules/",null]
82 verbose parsed url { protocol: null,
82 verbose parsed url   slashes: null,
82 verbose parsed url   auth: null,
82 verbose parsed url   host: null,
82 verbose parsed url   port: null,
82 verbose parsed url   hostname: null,
82 verbose parsed url   hash: null,
82 verbose parsed url   search: null,
82 verbose parsed url   query: null,
82 verbose parsed url   pathname: 'node_modules/',
82 verbose parsed url   path: 'node_modules/',
82 verbose parsed url   href: 'node_modules/' }
83 verbose cache add [ 'test/', null ]
84 verbose cache add name=undefined spec="test/" args=["test/",null]
85 verbose parsed url { protocol: null,
85 verbose parsed url   slashes: null,
85 verbose parsed url   auth: null,
85 verbose parsed url   host: null,
85 verbose parsed url   port: null,
85 verbose parsed url   hostname: null,
85 verbose parsed url   hash: null,
85 verbose parsed url   search: null,
85 verbose parsed url   query: null,
85 verbose parsed url   pathname: 'test/',
85 verbose parsed url   path: 'test/',
85 verbose parsed url   href: 'test/' }
86 silly lockFile 4ee7f9f6-Applications /Applications
87 verbose lock /Applications /Users/archer/.npm/4ee7f9f6-Applications.lock
88 silly lockFile b6afc890-Library /Library
89 verbose lock /Library /Users/archer/.npm/b6afc890-Library.lock
90 silly lockFile 9b1c35a4-Network /Network
91 verbose lock /Network /Users/archer/.npm/9b1c35a4-Network.lock
92 silly lockFile 71d123ed-System /System
93 verbose lock /System /Users/archer/.npm/71d123ed-System.lock
94 silly lockFile 7d6e9b59-Users /Users
95 verbose lock /Users /Users/archer/.npm/7d6e9b59-Users.lock
96 silly lockFile c88e03d8-Volumes /Volumes
97 verbose lock /Volumes /Users/archer/.npm/c88e03d8-Volumes.lock
98 silly lockFile dec638db-auto /auto
99 verbose lock /auto /Users/archer/.npm/dec638db-auto.lock
100 silly lockFile f6ccd228-bin /bin
101 verbose lock /bin /Users/archer/.npm/f6ccd228-bin.lock
102 silly lockFile 2f0083c4-cores /cores
103 verbose lock /cores /Users/archer/.npm/2f0083c4-cores.lock
104 silly lockFile db465fc1-dev /dev
105 verbose lock /dev /Users/archer/.npm/db465fc1-dev.lock
106 silly lockFile c0bc6f00-etc /etc
107 verbose lock /etc /Users/archer/.npm/c0bc6f00-etc.lock
108 silly lockFile fb365c12-home /home
109 verbose lock /home /Users/archer/.npm/fb365c12-home.lock
110 silly lockFile ae3bba1d-mach-kernel /mach_kernel
111 verbose lock /mach_kernel /Users/archer/.npm/ae3bba1d-mach-kernel.lock
112 silly lockFile 3c6aac16-net /net
113 verbose lock /net /Users/archer/.npm/3c6aac16-net.lock
114 silly lockFile ab7c0f4f-private /private
115 verbose lock /private /Users/archer/.npm/ab7c0f4f-private.lock
116 silly lockFile f969d227-sbin /sbin
117 verbose lock /sbin /Users/archer/.npm/f969d227-sbin.lock
118 silly lockFile 8c393341-tmp /tmp
119 verbose lock /tmp /Users/archer/.npm/8c393341-tmp.lock
120 silly lockFile 5c0e77c4-usr /usr
121 verbose lock /usr /Users/archer/.npm/5c0e77c4-usr.lock
122 silly lockFile bac9fa8c-var /var
123 verbose lock /var /Users/archer/.npm/bac9fa8c-var.lock
124 silly lockFile 9027cc5a-global global
125 verbose lock global /Users/archer/.npm/9027cc5a-global.lock
126 silly lockFile 54e0c177-angular angular
127 verbose lock angular /Users/archer/.npm/54e0c177-angular.lock
128 silly lockFile 68620029-app app/
129 verbose lock app/ /Users/archer/.npm/68620029-app.lock
130 silly lockFile 70b495a8-bower-components bower_components/
131 verbose lock bower_components/ /Users/archer/.npm/70b495a8-bower-components.lock
132 silly lockFile 1aef86b8-dist dist/
133 verbose lock dist/ /Users/archer/.npm/1aef86b8-dist.lock
134 silly lockFile 5410a1be-node-modules node_modules/
135 verbose lock node_modules/ /Users/archer/.npm/5410a1be-node-modules.lock
136 silly lockFile 8dc2362f-test test/
137 verbose lock test/ /Users/archer/.npm/8dc2362f-test.lock
138 silly lockFile 54e0c177-angular angular
139 silly lockFile 54e0c177-angular angular
140 silly lockFile 9027cc5a-global global
141 silly lockFile 9027cc5a-global global
142 verbose addNamed [ 'angular', '' ]
143 verbose addNamed [ null, '*' ]
144 silly lockFile fdbbf89d-angular angular@
145 verbose lock angular@ /Users/archer/.npm/fdbbf89d-angular.lock
146 verbose addNamed [ 'global', '' ]
147 verbose addNamed [ null, '*' ]
148 silly lockFile 304aff26-global global@
149 verbose lock global@ /Users/archer/.npm/304aff26-global.lock
150 silly lockFile 4ee7f9f6-Applications /Applications
151 silly lockFile 4ee7f9f6-Applications /Applications
152 silly lockFile 9b1c35a4-Network /Network
153 silly lockFile 9b1c35a4-Network /Network
154 silly lockFile b6afc890-Library /Library
155 silly lockFile b6afc890-Library /Library
156 silly lockFile 7d6e9b59-Users /Users
157 silly lockFile 7d6e9b59-Users /Users
158 silly lockFile db465fc1-dev /dev
159 silly lockFile db465fc1-dev /dev
160 silly lockFile c0bc6f00-etc /etc
161 silly lockFile c0bc6f00-etc /etc
162 silly lockFile 71d123ed-System /System
163 silly lockFile 71d123ed-System /System
164 silly lockFile 2f0083c4-cores /cores
165 silly lockFile 2f0083c4-cores /cores
166 silly lockFile ab7c0f4f-private /private
167 silly lockFile ab7c0f4f-private /private
168 silly lockFile f969d227-sbin /sbin
169 silly lockFile f969d227-sbin /sbin
170 silly lockFile c88e03d8-Volumes /Volumes
171 silly lockFile c88e03d8-Volumes /Volumes
172 silly lockFile 8c393341-tmp /tmp
173 silly lockFile 8c393341-tmp /tmp
174 silly lockFile bac9fa8c-var /var
175 silly lockFile bac9fa8c-var /var
176 silly lockFile f6ccd228-bin /bin
177 silly lockFile f6ccd228-bin /bin
178 silly lockFile 5c0e77c4-usr /usr
179 silly lockFile 5c0e77c4-usr /usr
180 silly lockFile 68620029-app app/
181 silly lockFile 68620029-app app/
182 silly lockFile 70b495a8-bower-components bower_components/
183 silly lockFile 70b495a8-bower-components bower_components/
184 error addLocal Could not install /Applications
185 error addLocal Could not install /Network
186 error addLocal Could not install /Library
187 error addLocal Could not install /Users
188 error addLocal Could not install /dev
189 error addLocal Could not install /etc
190 error addLocal Could not install /System
191 error addLocal Could not install /cores
192 error addLocal Could not install /private
193 error addLocal Could not install /sbin
194 error addLocal Could not install /Volumes
195 error addLocal Could not install /tmp
196 error addLocal Could not install /var
197 error addLocal Could not install /bin
198 error addLocal Could not install /usr
199 silly addNameRange { name: 'angular', range: '*', hasData: false }
200 silly addNameRange { name: 'global', range: '*', hasData: false }
201 error addLocal Could not install app/
202 error addLocal Could not install bower_components/
203 silly lockFile 1aef86b8-dist dist/
204 silly lockFile 1aef86b8-dist dist/
205 silly lockFile 5410a1be-node-modules node_modules/
206 silly lockFile 5410a1be-node-modules node_modules/
207 silly lockFile 8dc2362f-test test/
208 silly lockFile 8dc2362f-test test/
209 verbose request where is /angular
210 verbose request registry https://registry.npmjs.org/
211 verbose request id 0e41fbdb1271d659
212 verbose url raw /angular
213 verbose url resolving [ 'https://registry.npmjs.org/', './angular' ]
214 verbose url resolved https://registry.npmjs.org/angular
215 verbose request where is https://registry.npmjs.org/angular
216 info trying registry request attempt 1 at 15:49:30
217 http GET https://registry.npmjs.org/angular
218 verbose request where is /global
219 verbose request registry https://registry.npmjs.org/
220 verbose url raw /global
221 verbose url resolving [ 'https://registry.npmjs.org/', './global' ]
222 verbose url resolved https://registry.npmjs.org/global
223 verbose request where is https://registry.npmjs.org/global
224 info trying registry request attempt 1 at 15:49:30
225 http GET https://registry.npmjs.org/global
226 error addLocal Could not install dist/
227 error addLocal Could not install node_modules/
228 error addLocal Could not install test/
229 silly lockFile dec638db-auto /auto
230 silly lockFile dec638db-auto /auto
231 error addLocal Could not install /auto
232 silly lockFile fb365c12-home /home
233 silly lockFile fb365c12-home /home
234 error addLocal Could not install /home
235 verbose chmod /var/folders/00/0b40r000h01000cxqpysvccm001ch3/T/npm-64463-ho2GhkbQ/1417564170540-0.9639867681544274/tmp.tgz 644
236 verbose tar unpack /var/folders/00/0b40r000h01000cxqpysvccm001ch3/T/npm-64463-ho2GhkbQ/1417564170540-0.9639867681544274/tmp.tgz
237 silly lockFile db6cf821--9639867681544274-tmp-tgz-unpack tar:///var/folders/00/0b40r000h01000cxqpysvccm001ch3/T/npm-64463-ho2GhkbQ/1417564170540-0.9639867681544274/tmp.tgz-unpack
238 verbose lock tar:///var/folders/00/0b40r000h01000cxqpysvccm001ch3/T/npm-64463-ho2GhkbQ/1417564170540-0.9639867681544274/tmp.tgz-unpack /Users/archer/.npm/db6cf821--9639867681544274-tmp-tgz-unpack.lock
239 silly lockFile 193f3cc4-70540-0-9639867681544274-tmp-tgz tar:///var/folders/00/0b40r000h01000cxqpysvccm001ch3/T/npm-64463-ho2GhkbQ/1417564170540-0.9639867681544274/tmp.tgz
240 verbose lock tar:///var/folders/00/0b40r000h01000cxqpysvccm001ch3/T/npm-64463-ho2GhkbQ/1417564170540-0.9639867681544274/tmp.tgz /Users/archer/.npm/193f3cc4-70540-0-9639867681544274-tmp-tgz.lock
241 silly gunzTarPerm modes [ '755', '644' ]
242 silly lockFile 3c6aac16-net /net
243 silly lockFile 3c6aac16-net /net
244 error addLocal Could not install /net
245 http 200 https://registry.npmjs.org/angular
246 silly registry.get cb [ 200,
246 silly registry.get   { date: 'Tue, 02 Dec 2014 23:49:25 GMT',
246 silly registry.get     server: 'CouchDB/1.5.0 (Erlang OTP/R16B03)',
246 silly registry.get     etag: '"7TSREJGPT5EVHSMLK7AKRSD97"',
246 silly registry.get     'content-type': 'application/json',
246 silly registry.get     'cache-control': 'max-age=60',
246 silly registry.get     'content-length': '66921',
246 silly registry.get     'accept-ranges': 'bytes',
246 silly registry.get     via: '1.1 varnish',
246 silly registry.get     age: '0',
246 silly registry.get     'x-served-by': 'cache-sjc3130-SJC',
246 silly registry.get     'x-cache': 'HIT',
246 silly registry.get     'x-cache-hits': '1',
246 silly registry.get     'x-timer': 'S1417564165.465001,VS0,VE33',
246 silly registry.get     vary: 'Accept',
246 silly registry.get     'keep-alive': 'timeout=10, max=50',
246 silly registry.get     connection: 'Keep-Alive' } ]
247 silly addNameRange number 2 { name: 'angular', range: '*', hasData: true }
248 silly addNameRange versions [ 'angular',
248 silly addNameRange   [ '0.0.1',
248 silly addNameRange     '0.0.1-1',
248 silly addNameRange     '0.0.1-2',
248 silly addNameRange     '0.0.2',
248 silly addNameRange     '0.0.3',
248 silly addNameRange     '0.0.4',
248 silly addNameRange     '1.0.0',
248 silly addNameRange     '1.0.1',
248 silly addNameRange     '1.0.2',
248 silly addNameRange     '1.0.3',
248 silly addNameRange     '1.0.4',
248 silly addNameRange     '1.0.5',
248 silly addNameRange     '1.0.6',
248 silly addNameRange     '1.0.7',
248 silly addNameRange     '1.0.8',
248 silly addNameRange     '1.1.0',
248 silly addNameRange     '1.1.1',
248 silly addNameRange     '1.1.2',
248 silly addNameRange     '1.1.3',
248 silly addNameRange     '1.1.4',
248 silly addNameRange     '1.1.5',
248 silly addNameRange     '1.2.0',
248 silly addNameRange     '1.2.1',
248 silly addNameRange     '1.2.2',
248 silly addNameRange     '1.2.3',
248 silly addNameRange     '1.2.4',
248 silly addNameRange     '1.2.5',
248 silly addNameRange     '1.2.6',
248 silly addNameRange     '1.2.7',
248 silly addNameRange     '1.2.8',
248 silly addNameRange     '1.2.9',
248 silly addNameRange     '1.2.10',
248 silly addNameRange     '1.2.11',
248 silly addNameRange     '1.2.12',
248 silly addNameRange     '1.2.13',
248 silly addNameRange     '1.2.14',
248 silly addNameRange     '1.2.15',
248 silly addNameRange     '1.2.16',
248 silly addNameRange     '1.2.17',
248 silly addNameRange     '1.2.18',
248 silly addNameRange     '1.2.19',
248 silly addNameRange     '1.2.20',
248 silly addNameRange     '1.2.21',
248 silly addNameRange     '1.2.22',
248 silly addNameRange     '1.2.23',
248 silly addNameRange     '1.3.0-rc.5',
248 silly addNameRange     '1.3.0',
248 silly addNameRange     '1.3.1',
248 silly addNameRange     '1.3.2',
248 silly addNameRange     '1.3.3',
248 silly addNameRange     '1.3.4-build.3588',
248 silly addNameRange     '1.2.27',
248 silly addNameRange     '1.3.4',
248 silly addNameRange     '1.3.5' ] ]
249 verbose addNamed [ 'angular', '1.3.5' ]
250 verbose addNamed [ '1.3.5', '1.3.5' ]
251 silly lockFile 52e13851-angular-1-3-5 angular@1.3.5
252 verbose lock angular@1.3.5 /Users/archer/.npm/52e13851-angular-1-3-5.lock
253 silly lockFile c49db905-js-org-angular-angular-1-3-5-tgz https://registry.npmjs.org/angular/-/angular-1.3.5.tgz
254 verbose lock https://registry.npmjs.org/angular/-/angular-1.3.5.tgz /Users/archer/.npm/c49db905-js-org-angular-angular-1-3-5-tgz.lock
255 verbose addRemoteTarball [ 'https://registry.npmjs.org/angular/-/angular-1.3.5.tgz',
255 verbose addRemoteTarball   'ca4ab439dd200b1a1675431d5809151d9ccd225a' ]
256 info retry fetch attempt 1 at 15:49:30
257 verbose fetch to= /var/folders/00/0b40r000h01000cxqpysvccm001ch3/T/npm-64463-ho2GhkbQ/registry.npmjs.org/angular/-/angular-1.3.5.tgz
258 http GET https://registry.npmjs.org/angular/-/angular-1.3.5.tgz
259 error not a package /var/folders/00/0b40r000h01000cxqpysvccm001ch3/T/npm-64463-ho2GhkbQ/1417564170540-0.9639867681544274/tmp.tgz
260 silly lockFile db6cf821--9639867681544274-tmp-tgz-unpack tar:///var/folders/00/0b40r000h01000cxqpysvccm001ch3/T/npm-64463-ho2GhkbQ/1417564170540-0.9639867681544274/tmp.tgz-unpack
261 silly lockFile db6cf821--9639867681544274-tmp-tgz-unpack tar:///var/folders/00/0b40r000h01000cxqpysvccm001ch3/T/npm-64463-ho2GhkbQ/1417564170540-0.9639867681544274/tmp.tgz-unpack
262 silly lockFile 193f3cc4-70540-0-9639867681544274-tmp-tgz tar:///var/folders/00/0b40r000h01000cxqpysvccm001ch3/T/npm-64463-ho2GhkbQ/1417564170540-0.9639867681544274/tmp.tgz
263 silly lockFile 193f3cc4-70540-0-9639867681544274-tmp-tgz tar:///var/folders/00/0b40r000h01000cxqpysvccm001ch3/T/npm-64463-ho2GhkbQ/1417564170540-0.9639867681544274/tmp.tgz
264 http 200 https://registry.npmjs.org/global
265 silly registry.get cb [ 200,
265 silly registry.get   { date: 'Tue, 02 Dec 2014 23:49:25 GMT',
265 silly registry.get     server: 'CouchDB/1.5.0 (Erlang OTP/R16B03)',
265 silly registry.get     etag: '"1QAZXWOBYXAX7X0GWK6LVTX12"',
265 silly registry.get     'content-type': 'application/json',
265 silly registry.get     'cache-control': 'max-age=60',
265 silly registry.get     'content-length': '26226',
265 silly registry.get     'accept-ranges': 'bytes',
265 silly registry.get     via: '1.1 varnish',
265 silly registry.get     age: '0',
265 silly registry.get     'x-served-by': 'cache-sjc3129-SJC',
265 silly registry.get     'x-cache': 'MISS',
265 silly registry.get     'x-cache-hits': '0',
265 silly registry.get     'x-timer': 'S1417564165.467222,VS0,VE84',
265 silly registry.get     vary: 'Accept',
265 silly registry.get     'keep-alive': 'timeout=10, max=50',
265 silly registry.get     connection: 'Keep-Alive' } ]
266 silly lockFile ae3bba1d-mach-kernel /mach_kernel
267 silly lockFile ae3bba1d-mach-kernel /mach_kernel
268 error addLocal Could not install /mach_kernel
269 silly addNameRange number 2 { name: 'global', range: '*', hasData: true }
270 silly addNameRange versions [ 'global',
270 silly addNameRange   [ '1.0.0',
270 silly addNameRange     '0.1.5',
270 silly addNameRange     '2.0.1',
270 silly addNameRange     '2.0.2',
270 silly addNameRange     '2.0.3',
270 silly addNameRange     '2.0.4',
270 silly addNameRange     '2.0.5',
270 silly addNameRange     '2.0.6',
270 silly addNameRange     '2.0.7',
270 silly addNameRange     '3.0.0',
270 silly addNameRange     '3.0.1',
270 silly addNameRange     '3.0.2',
270 silly addNameRange     '4.0.0',
270 silly addNameRange     '4.0.1',
270 silly addNameRange     '4.1.0',
270 silly addNameRange     '4.2.0',
270 silly addNameRange     '4.2.1',
270 silly addNameRange     '4.3.0' ] ]
271 verbose addNamed [ 'global', '4.3.0' ]
272 verbose addNamed [ '4.3.0', '4.3.0' ]
273 silly lockFile 0c12ac40-global-4-3-0 global@4.3.0
274 verbose lock global@4.3.0 /Users/archer/.npm/0c12ac40-global-4-3-0.lock
275 silly lockFile 40258048-pmjs-org-global-global-4-3-0-tgz https://registry.npmjs.org/global/-/global-4.3.0.tgz
276 verbose lock https://registry.npmjs.org/global/-/global-4.3.0.tgz /Users/archer/.npm/40258048-pmjs-org-global-global-4-3-0-tgz.lock
277 verbose addRemoteTarball [ 'https://registry.npmjs.org/global/-/global-4.3.0.tgz',
277 verbose addRemoteTarball   'ef7ec4beead579b454f5ebd5e7f303db54f42a2b' ]
278 info retry fetch attempt 1 at 15:49:30
279 verbose fetch to= /var/folders/00/0b40r000h01000cxqpysvccm001ch3/T/npm-64463-ho2GhkbQ/registry.npmjs.org/global/-/global-4.3.0.tgz
280 http GET https://registry.npmjs.org/global/-/global-4.3.0.tgz
281 http 200 https://registry.npmjs.org/angular/-/angular-1.3.5.tgz
282 http 200 https://registry.npmjs.org/global/-/global-4.3.0.tgz
283 silly lockFile 40258048-pmjs-org-global-global-4-3-0-tgz https://registry.npmjs.org/global/-/global-4.3.0.tgz
284 silly lockFile 40258048-pmjs-org-global-global-4-3-0-tgz https://registry.npmjs.org/global/-/global-4.3.0.tgz
285 silly lockFile 0c12ac40-global-4-3-0 global@4.3.0
286 silly lockFile 0c12ac40-global-4-3-0 global@4.3.0
287 silly lockFile 304aff26-global global@
288 silly lockFile 304aff26-global global@
289 silly lockFile c49db905-js-org-angular-angular-1-3-5-tgz https://registry.npmjs.org/angular/-/angular-1.3.5.tgz
290 silly lockFile c49db905-js-org-angular-angular-1-3-5-tgz https://registry.npmjs.org/angular/-/angular-1.3.5.tgz
291 silly lockFile 52e13851-angular-1-3-5 angular@1.3.5
292 silly lockFile 52e13851-angular-1-3-5 angular@1.3.5
293 silly lockFile fdbbf89d-angular angular@
294 silly lockFile fdbbf89d-angular angular@
295 error Error: ENOENT, open '/Applications/package.json'
296 error If you need help, you may report this *entire* log,
296 error including the npm and node versions, at:
296 error     <http://github.com/npm/npm/issues>
297 error System Darwin 13.4.0
298 error command "node" "/usr/local/bin/npm" "install" "/Applications" "/Library" "/Network" "/System" "/Users" "/Volumes" "/auto" "/bin" "/cores" "/dev" "/etc" "/home" "/mach_kernel" "/net" "/private" "/sbin" "/tmp" "/usr" "/var" "global" "angular" "app/" "bower_components/" "dist/" "node_modules/" "test/"
299 error cwd /Users/archer/Desktop/programs/phase-3/angular_client
300 error node -v v0.10.33
301 error npm -v 1.4.28
302 error path /Applications/package.json
303 error code ENOENT
304 error errno 34
305 verbose exit [ 34, true ]
